android/build/intermediates/manifest_merge_blame_file/debug/manifest-merger-blame-debug-report.txt
1<?xml version="1.0" encoding="utf-8"?>
2<manifest xmlns:android="http://schemas.android.com/apk/res/android"
3    package="se2.groupb.monopoly"
4    android:versionCode="1"
5    android:versionName="1.0" >
6
7    <uses-sdk
8        android:minSdkVersion="14"
8-->Monopoly\android\AndroidManifest.xml
9        android:targetSdkVersion="31" />
9-->Monopoly\android\AndroidManifest.xml
10
11    <uses-feature
11-->Monopoly\android\AndroidManifest.xml:6:5-78
12        android:glEsVersion="0x00020000"
12-->Monopoly\android\AndroidManifest.xml:6:19-51
13        android:required="true" />
13-->Monopoly\android\AndroidManifest.xml:6:52-75
14
15    <uses-permission android:name="android.permission.INTERNET" />
15-->Monopoly\android\AndroidManifest.xml:7:5-66
15-->Monopoly\android\AndroidManifest.xml:7:22-64
16
17    <!-- usesCleartextTraffic true security breach?? -->
18    <!-- allowBackup true security breach?? -->
19    <application
19-->Monopoly\android\AndroidManifest.xml:12:5-32:19
20        android:allowBackup="false"
20-->Monopoly\android\AndroidManifest.xml:14:9-36
21        android:appCategory="game"
21-->Monopoly\android\AndroidManifest.xml:18:9-35
22        android:debuggable="true"
23        android:fullBackupContent="false"
23-->Monopoly\android\AndroidManifest.xml:15:9-42
24        android:icon="@drawable/ic_launcher"
24-->Monopoly\android\AndroidManifest.xml:16:9-45
25        android:isGame="true"
25-->Monopoly\android\AndroidManifest.xml:17:9-30
26        android:label="@string/app_name"
26-->Monopoly\android\AndroidManifest.xml:19:9-41
27        android:testOnly="true"
28        android:usesCleartextTraffic="false" >
28-->Monopoly\android\AndroidManifest.xml:13:9-45
29        <activity
29-->Monopoly\android\AndroidManifest.xml:21:9-31:20
30            android:name="se2.groupb.monopoly.AndroidLauncher"
30-->Monopoly\android\AndroidManifest.xml:22:13-63
31            android:configChanges="keyboard|keyboardHidden|navigation|orientation|screenSize|screenLayout"
31-->Monopoly\android\AndroidManifest.xml:25:13-107
32            android:exported="true"
32-->Monopoly\android\AndroidManifest.xml:26:13-36
33            android:label="@string/app_name"
33-->Monopoly\android\AndroidManifest.xml:23:13-45
34            android:screenOrientation="landscape" >
34-->Monopoly\android\AndroidManifest.xml:24:13-50
35            <intent-filter>
35-->Monopoly\android\AndroidManifest.xml:27:13-30:29
36                <action android:name="android.intent.action.MAIN" />
36-->Monopoly\android\AndroidManifest.xml:28:17-69
36-->Monopoly\android\AndroidManifest.xml:28:25-66
37
38                <category android:name="android.intent.category.LAUNCHER" />
38-->Monopoly\android\AndroidManifest.xml:29:17-77
38-->Monopoly\android\AndroidManifest.xml:29:27-74
39            </intent-filter>
40        </activity>
41    </application>
42
43</manifest>